<?xml version="1.0" encoding="UTF-8"?>
<!-- Generated by org.testng.reporters.JUnitReportReporter -->
<testsuite skipped="0" hostname="KumarSathish" name="com.railyatri.qa.testcases.FlowTest" tests="1" failures="0" timestamp="24 Feb 2018 19:04:36 GMT" time="158.288" errors="0">
  <testcase name="loginPageTitleTest" time="158.288" classname="com.railyatri.qa.testcases.FlowTest"/>
</testsuite> <!-- com.railyatri.qa.testcases.FlowTest -->
